<?xml version="1.0" encoding="UTF-8"?>
<!-- Generated by org.testng.reporters.JUnitXMLReporter -->
<testsuite ignored="0" hostname="DESKTOP-TA8H4V3" failures="1" tests="3" name="SmokeTest" time="170.81" errors="0" timestamp="2024-08-29T17:48:22 IST">
  <testcase classname="tests.BrightHorizon_SmokeSuite" name="verifyURLContentsAndMatchingNumberOfDotsAndComments" time="76.887"/>
  <testcase classname="tests.BrightHorizon_SmokeSuite" name="verifyValidSearchCriteriaIsFirstResult" time="45.773"/>
  <testcase classname="tests.BrightHorizon_SmokeSuite" name="verifyInvalidSearchCriteriaIsNotFirstResult" time="45.263">
    <failure type="java.lang.AssertionError" message="The search criteria Family solution is not the first result in search list. expected [true] but found [false]">
      <![CDATA[java.lang.AssertionError: The search criteria Family solution is not the first result in search list. expected [true] but found [false]
at pages.BrightHorizon_SearchPage.verifyTheResultForSearchValue(BrightHorizon_SearchPage.java:49)
at pages.BrightHorizon_SearchPage.verifySearchFunctionality(BrightHorizon_SearchPage.java:106)
at tests.BrightHorizon_SmokeSuite.verifyInvalidSearchCriteriaIsNotFirstResult(BrightHorizon_SmokeSuite.java:43)
at java.base/java.util.ArrayList.forEach(ArrayList.java:1597)
... Removed 28 stack frames]]>
    </failure>
  </testcase> <!-- verifyInvalidSearchCriteriaIsNotFirstResult -->
</testsuite> <!-- SmokeTest -->
