<?xml version="1.0" encoding="UTF-8"?>
<!-- Generated by org.testng.reporters.JUnitXMLReporter -->
<testsuite ignored="0" hostname="DESKTOP-TA8H4V3" failures="1" tests="4" name="SmokeTest" time="250.239" errors="0" timestamp="2024-09-04T15:57:12 IST">
  <testcase classname="tests.BrightHorizon_SmokeSuite" name="verifyURLContentsAndMatchingNumberOfDotsAndComments" time="76.249"/>
  <testcase classname="tests.BrightHorizon_SmokeSuite" name="verifyValidSearchCriteriaIsFirstResult" time="46.038"/>
  <testcase classname="tests.BrightHorizon_SmokeSuite" name="verifyInvalidSearchCriteriaIsNotFirstResult" time="45.48">
    <failure type="java.lang.AssertionError" message="The search criteria Family solution is not the first result in search list. expected [true] but found [false]">
      <![CDATA[java.lang.AssertionError: The search criteria Family solution is not the first result in search list. expected [true] but found [false]
at pages.BrightHorizon_SearchPage.verifyTheResultForSearchValue(BrightHorizon_SearchPage.java:49)
at pages.BrightHorizon_SearchPage.verifySearchFunctionality(BrightHorizon_SearchPage.java:106)
at tests.BrightHorizon_SmokeSuite.verifyInvalidSearchCriteriaIsNotFirstResult(BrightHorizon_SmokeSuite.java:44)
at java.base/java.util.ArrayList.forEach(ArrayList.java:1541)
... Removed 34 stack frames]]>
    </failure>
  </testcase> <!-- verifyInvalidSearchCriteriaIsNotFirstResult -->
  <testcase classname="tests.BrightHorizon_SmokeSuite" name="verifyURLContentsAndMatchingNumberOfCenters" time="78.269"/>
</testsuite> <!-- SmokeTest -->
