<?xml version="1.0" encoding="UTF-8"?>
<testsuite xmlns:xsi="http://www.w3.org/2001/XMLSchema-instance" xsi:noNamespaceSchemaLocation="https://maven.apache.org/surefire/maven-surefire-plugin/xsd/surefire-test-report.xsd" version="3.0.2" name="TestSuite" time="252.547" tests="4" errors="0" skipped="0" failures="1">
  <properties>
[...]
</properties>
  <testcase name="verifyURLContentsAndMatchingNumberOfDotsAndComments" classname="tests.BrightHorizon_SmokeSuite" time="76.002">
    <system-out><![CDATA[2024-09-04 15:53:01 INFO  BaseTest:39 - @BeforeSuite method execution
2024-09-04 15:53:01 INFO  BaseTest:53 - @BeforeTest method execution
2024-09-04 15:53:05 INFO  BrightHorizon_SmokeSuite:18 - Create object of the BrightHorizon_SectionPage page.
2024-09-04 15:53:05 INFO  BrightHorizon_SmokeSuite:20 - Verifying the content of URL for EdAssist Solutions
Screenshot with URL Address Bar taken: edassist_20240904_155335
2024-09-04 15:53:36 INFO  BrightHorizon_SmokeSuite:23 - Verifying the dots and comments inside Family Solutions
Screenshot taken: FamilySolutions_Dots_Comments_20240904_155421
]]></system-out>
    <system-err><![CDATA[SLF4J: Failed to load class "org.slf4j.impl.StaticLoggerBinder".
SLF4J: Defaulting to no-operation (NOP) logger implementation
SLF4J: See http://www.slf4j.org/codes.html#StaticLoggerBinder for further details.
Starting ChromeDriver 127.0.6533.119 (bdef6783a05f0b3f885591e7d2c7b2aec1a89dea-refs/branch-heads/6533@{#1999}) on port 48475
Only local connections are allowed.
Please see https://chromedriver.chromium.org/security-considerations for suggestions on keeping ChromeDriver safe.
ChromeDriver was started successfully.
[1725445384.455][WARNING]: This version of ChromeDriver has not been tested with Chrome version 128.
Sep 04, 2024 3:53:05 PM org.openqa.selenium.devtools.CdpVersionFinder findNearestMatch
WARNING: Unable to find CDP implementation matching 128
Sep 04, 2024 3:53:05 PM org.openqa.selenium.chromium.ChromiumDriver lambda$new$3
WARNING: Unable to find version of CDP to use for . You may need to include a dependency on a specific version of the CDP using something similar to `org.seleniumhq.selenium:selenium-devtools-v86:4.6.0` where the version ("v86") matches the version of the chromium-based browser you're using and the version number of the artifact is the same as Selenium's.
]]></system-err>
  </testcase>
  <testcase name="verifyValidSearchCriteriaIsFirstResult" classname="tests.BrightHorizon_SmokeSuite" time="46.04">
    <system-out><![CDATA[2024-09-04 15:54:21 INFO  BrightHorizon_SmokeSuite:29 - Create object of the BrightHorizon_SearchPage page.
2024-09-04 15:54:21 INFO  BrightHorizon_SmokeSuite:31 - Getting value of the search text from properties file.
2024-09-04 15:54:21 INFO  BrightHorizon_SmokeSuite:33 - Validate the actual search now for search text as: Employee Education in 2018: Strategies to Watch
Screenshot taken: Search_Result_Passed_20240904_155507
]]></system-out>
  </testcase>
  <testcase name="verifyInvalidSearchCriteriaIsNotFirstResult" classname="tests.BrightHorizon_SmokeSuite" time="45.485">
    <failure message="The search criteria Family solution is not the first result in search list. expected [true] but found [false]" type="java.lang.AssertionError"><![CDATA[java.lang.AssertionError: The search criteria Family solution is not the first result in search list. expected [true] but found [false]
	at org.testng.Assert.fail(Assert.java:99)
	at org.testng.Assert.failNotEquals(Assert.java:1037)
	at org.testng.Assert.assertTrue(Assert.java:45)
	at pages.BrightHorizon_SearchPage.verifyTheResultForSearchValue(BrightHorizon_SearchPage.java:49)
	at pages.BrightHorizon_SearchPage.verifySearchFunctionality(BrightHorizon_SearchPage.java:106)
	at tests.BrightHorizon_SmokeSuite.verifyInvalidSearchCriteriaIsNotFirstResult(BrightHorizon_SmokeSuite.java:44)
	at java.base/jdk.internal.reflect.NativeMethodAccessorImpl.invoke0(Native Method)
	at java.base/jdk.internal.reflect.NativeMethodAccessorImpl.invoke(NativeMethodAccessorImpl.java:62)
	at java.base/jdk.internal.reflect.DelegatingMethodAccessorImpl.invoke(DelegatingMethodAccessorImpl.java:43)
	at java.base/java.lang.reflect.Method.invoke(Method.java:566)
	at org.testng.internal.MethodInvocationHelper.invokeMethod(MethodInvocationHelper.java:133)
	at org.testng.internal.TestInvoker.invokeMethod(TestInvoker.java:598)
	at org.testng.internal.TestInvoker.invokeTestMethod(TestInvoker.java:173)
	at org.testng.internal.MethodRunner.runInSequence(MethodRunner.java:46)
	at org.testng.internal.TestInvoker$MethodInvocationAgent.invoke(TestInvoker.java:824)
	at org.testng.internal.TestInvoker.invokeTestMethods(TestInvoker.java:146)
	at org.testng.internal.TestMethodWorker.invokeTestMethods(TestMethodWorker.java:146)
	at org.testng.internal.TestMethodWorker.run(TestMethodWorker.java:128)
	at java.base/java.util.ArrayList.forEach(ArrayList.java:1541)
	at org.testng.TestRunner.privateRun(TestRunner.java:794)
	at org.testng.TestRunner.run(TestRunner.java:596)
	at org.testng.SuiteRunner.runTest(SuiteRunner.java:377)
	at org.testng.SuiteRunner.runSequentially(SuiteRunner.java:371)
	at org.testng.SuiteRunner.privateRun(SuiteRunner.java:332)
	at org.testng.SuiteRunner.run(SuiteRunner.java:276)
	at org.testng.SuiteRunnerWorker.runSuite(SuiteRunnerWorker.java:53)
	at org.testng.SuiteRunnerWorker.run(SuiteRunnerWorker.java:96)
	at org.testng.TestNG.runSuitesSequentially(TestNG.java:1212)
	at org.testng.TestNG.runSuitesLocally(TestNG.java:1134)
	at org.testng.TestNG.runSuites(TestNG.java:1063)
	at org.testng.TestNG.run(TestNG.java:1031)
	at org.apache.maven.surefire.testng.TestNGExecutor.run(TestNGExecutor.java:308)
	at org.apache.maven.surefire.testng.TestNGXmlTestSuite.execute(TestNGXmlTestSuite.java:71)
	at org.apache.maven.surefire.testng.TestNGProvider.invoke(TestNGProvider.java:113)
	at org.apache.maven.surefire.booter.ForkedBooter.runSuitesInProcess(ForkedBooter.java:385)
	at org.apache.maven.surefire.booter.ForkedBooter.execute(ForkedBooter.java:162)
	at org.apache.maven.surefire.booter.ForkedBooter.run(ForkedBooter.java:507)
	at org.apache.maven.surefire.booter.ForkedBooter.main(ForkedBooter.java:495)
]]></failure>
    <system-out><![CDATA[2024-09-04 15:55:07 INFO  BrightHorizon_SmokeSuite:39 - Create object of the BrightHorizon_SearchPage page.
2024-09-04 15:55:07 INFO  BrightHorizon_SmokeSuite:41 - Getting value of the search text from properties file.
2024-09-04 15:55:07 INFO  BrightHorizon_SmokeSuite:43 - Validate the actual search now for search text as: Family solution
Screenshot taken: Search_Result_Failed_20240904_155553
]]></system-out>
  </testcase>
  <testcase name="verifyURLContentsAndMatchingNumberOfCenters" classname="tests.BrightHorizon_SmokeSuite" time="78.267">
    <system-out><![CDATA[2024-09-04 15:55:53 INFO  BrightHorizon_SmokeSuite:51 - Create object of the BrightHorizon_CentersPage page.
2024-09-04 15:55:53 INFO  BrightHorizon_SmokeSuite:53 - Verifying the content of URL for Find A Center Page
Screenshot with URL Address Bar taken: child-care-locator_20240904_155642
2024-09-04 15:56:42 INFO  BrightHorizon_SmokeSuite:57 - Verifying the center name, address by City search for Find A Center Page
Screenshot taken: Searched_Center_20240904_155710
Screenshot taken: First_Searched_Location_20240904_155710
]]></system-out>
  </testcase>
</testsuite>